<?xml version="1.0" encoding="UTF-8"?>
<testsuite xmlns:xsi="http://www.w3.org/2001/XMLSchema-instance" xsi:noNamespaceSchemaLocation="https://maven.apache.org/surefire/maven-surefire-plugin/xsd/surefire-test-report.xsd" name="TicketTests" time="0.051" tests="5" errors="0" skipped="0" failures="0">
  <properties>
[...]
</properties>
  <testcase name="testSave" classname="TicketTests" time="0.046"/>
  <testcase name="testTicketCreation1" classname="TicketTests" time="0.001"/>
  <testcase name="testTicketCreation2" classname="TicketTests" time="0.001"/>
  <testcase name="testTicketCreationSetters" classname="TicketTests" time="0.001"/>
  <testcase name="testUpdate" classname="TicketTests" time="0.002"/>
</testsuite>