<?xml version="1.0" encoding="UTF-8"?>
<testsuite xmlns:xsi="http://www.w3.org/2001/XMLSchema-instance" xsi:noNamespaceSchemaLocation="https://maven.apache.org/surefire/maven-surefire-plugin/xsd/surefire-test-report.xsd" name="SQLDatabaseMaintenance_TicketTest" time="0.019" tests="6" errors="0" skipped="0" failures="0">
  <properties>
[...]
</properties>
  <testcase name="testAddWithExisting" classname="SQLDatabaseMaintenance_TicketTest" time="0.006"/>
  <testcase name="testFindByAttraction" classname="SQLDatabaseMaintenance_TicketTest" time="0.002"/>
  <testcase name="testFindAll" classname="SQLDatabaseMaintenance_TicketTest" time="0.003"/>
  <testcase name="testFindById" classname="SQLDatabaseMaintenance_TicketTest" time="0.002"/>
  <testcase name="testRemove" classname="SQLDatabaseMaintenance_TicketTest" time="0.001"/>
  <testcase name="testUpdate" classname="SQLDatabaseMaintenance_TicketTest" time="0.003"/>
</testsuite>